<?xml version="1.0" encoding="UTF-8"?>
<!-- Generated by org.testng.reporters.JUnitXMLReporter -->
<testsuite ignored="0" hostname="Shajeb" failures="0" tests="5" name="Test" time="44.619" errors="0" timestamp="2023-11-11T01:41:15 IST">
  <testcase classname="tests.FourTest" name="fourTest" time="10.118"/>
  <testcase classname="tests.TwoTest" name="twoTest" time="6.072"/>
  <testcase classname="tests.LoginTest" name="login" time="11.387"/>
  <testcase classname="tests.LoginTest" name="login" time="1.738"/>
  <testcase classname="tests.ThreeTest" name="threeTest" time="6.02"/>
</testsuite> <!-- Test -->
